<?xml version="1.0" encoding="UTF-8"?>
<!-- Generated by org.testng.reporters.JUnitReportReporter -->
<testsuite hostname="DELL1" failures="0" tests="2" name="qaclickacademy.SeleniumTest" time="0.011" errors="0" timestamp="2022-02-09T21:29:19 IST" skipped="0">
  <testcase classname="qaclickacademy.SeleniumTest" name="elementsUI" time="0.007"/>
  <system-out/>
  <testcase classname="qaclickacademy.SeleniumTest" name="browserAutomation" time="0.004"/>
  <system-out/>
</testsuite> <!-- qaclickacademy.SeleniumTest -->
