<?xml version="1.0" encoding="UTF-8"?>
<!-- Generated by org.testng.reporters.JUnitReportReporter -->
<testsuite hostname="DELL1" failures="0" tests="2" name="qaclickacademy.AppiumTest" time="0.023" errors="0" timestamp="2022-02-09T21:29:19 IST" skipped="0">
  <testcase classname="qaclickacademy.AppiumTest" name="nativeAppAndroid" time="0.005"/>
  <system-out/>
  <testcase classname="qaclickacademy.AppiumTest" name="iosApp" time="0.018"/>
  <system-out/>
</testsuite> <!-- qaclickacademy.AppiumTest -->
