<?xml version="1.0" encoding="UTF-8"?>
<!-- Generated by org.testng.reporters.JUnitReportReporter -->
<testsuite hostname="DELL1" failures="0" tests="2" name="qaclickacademy.RestAPITest" time="0.012" errors="0" timestamp="2022-02-09T21:29:19 IST" skipped="0">
  <testcase classname="qaclickacademy.RestAPITest" name="deleteTwitter" time="0.003"/>
  <system-out/>
  <testcase classname="qaclickacademy.RestAPITest" name="postJira" time="0.009"/>
  <system-out/>
</testsuite> <!-- qaclickacademy.RestAPITest -->
